C51 COMPILER V9.54   AD                                                                    10/02/2022 22:19:31 PAGE 1   


C51 COMPILER V9.54, COMPILATION OF MODULE AD
OBJECT MODULE PLACED IN .\Objects\AD.obj
COMPILER INVOKED BY: C:\Keil_v5\C51\BIN\C51.EXE AD.c OPTIMIZE(8,SPEED) BROWSE DEBUG OBJECTEXTEND PRINT(.\Listings\AD.lst
                    -) TABS(2) OBJECT(.\Objects\AD.obj)

line level    source

   1          #include <REGX51.H>
   2          #include <INTRINS.H>
   3          #include <MATH.H>
   4          #define uchar unsigned char
   5          #define uint unsigned int
   6          #define schar static char
   7          typedef int i8;
   8          typedef char c8;
   9          typedef float f8;
  10          
  11          uchar flag=0;
  12          uchar recdat=0;
  13          
  14          void SCON_init()
  15          {
  16   1        SCON=0x50;
  17   1        EA=1;
  18   1        ET0=1;
  19   1        EX0=0;
  20   1        ET1=0;
  21   1        EX1=0;
  22   1        ES=1;
  23   1      }
  24          
  25          void Timer1_INIT()
  26          {
  27   1        TMOD=0x20;
  28   1        TH1=256-3;
  29   1        TL1=256-3;
  30   1        TR1=1;
  31   1      }
  32          
  33          void Service_SCON() interrupt 4
  34          {
  35   1        recdat=SBUF;
  36   1        RI=0;
  37   1        flag=~flag;
  38   1      }
  39          
  40          void Senddat()
  41          {
  42   1        SBUF=recdat;
  43   1        while(!TI)
  44   1          TI=0;
  45   1      }
  46          
  47          void main()
  48          {
  49   1        SCON_init();
  50   1        Timer1_INIT();
  51   1        Senddat();
  52   1        while(1)
  53   1        {
  54   2          if(flag==1)
C51 COMPILER V9.54   AD                                                                    10/02/2022 22:19:31 PAGE 2   

  55   2          {
  56   3              Senddat();
  57   3          }
  58   2          else
  59   2          {
  60   3          
  61   3          }
  62   2        }
  63   1      }
  64          
  65          
  66          
  67          
  68          
  69          
  70          
  71          
  72          
  73          
  74          


MODULE INFORMATION:   STATIC OVERLAYABLE
   CODE SIZE        =     67    ----
   CONSTANT SIZE    =   ----    ----
   XDATA SIZE       =   ----    ----
   PDATA SIZE       =   ----    ----
   DATA SIZE        =      2    ----
   IDATA SIZE       =   ----    ----
   BIT SIZE         =   ----    ----
END OF MODULE INFORMATION.


C51 COMPILATION COMPLETE.  0 WARNING(S),  0 ERROR(S)
