C51 COMPILER V9.54   ADC0832                                                               10/06/2022 13:57:50 PAGE 1   


C51 COMPILER V9.54, COMPILATION OF MODULE ADC0832
OBJECT MODULE PLACED IN .\Objects\ADC0832.obj
COMPILER INVOKED BY: C:\Keil_v5\C51\BIN\C51.EXE ADC0832.c OPTIMIZE(8,SPEED) BROWSE DEBUG OBJECTEXTEND PRINT(.\Listings\A
                    -DC0832.lst) TABS(2) OBJECT(.\Objects\ADC0832.obj)

line level    source

   1          #include <reg52.h>
   2          #include <intrins.h>
   3          #include <0832.h>
*** WARNING C318 IN LINE 3 OF ADC0832.c: can't open file '0832.h'
   4          #define uchar unsigned char
   5          #define uint unsigned int
   6          
   7          sbit DATO  = P1^3;
   8          sbit DATI  = P1^2;
   9          sbit CS  = P1^0;
  10          sbit Clk = P1^1;
  11          uchar dat=0;
  12          
  13          unsigned char adc0832(unsigned char CH)
  14          {
  15   1        unsigned char i,test,adval;
  16   1        adval = 0x00;
  17   1        test = 0x00;
  18   1        Clk = 0;       //初始化
  19   1        DATI = 1;
  20   1        _nop_();
  21   1        CS = 0;
  22   1        _nop_();
  23   1        Clk = 1;
  24   1        _nop_();
  25   1        
  26   1        
  27   1        if ( CH == 0x00 )      //通道选择
  28   1        {
  29   2          Clk = 0;
  30   2          DATI = 1;      //通道0的第一位
  31   2          _nop_();
  32   2          Clk = 1;
  33   2          _nop_();
  34   2          Clk = 0;
  35   2          DATI = 0;      //通道0的第二位
  36   2          _nop_();
  37   2          Clk = 1;
  38   2          _nop_();
  39   2        } 
  40   1        else
  41   1        {
  42   2          Clk = 0;
  43   2          DATI = 1;      //通道1的第一位
  44   2          _nop_();
  45   2          Clk = 1;
  46   2          _nop_();
  47   2          Clk = 0;
  48   2          DATI = 1;      //通道1的第二位
  49   2          _nop_();
  50   2          Clk = 1;
  51   2          _nop_();
  52   2        }
  53   1        
C51 COMPILER V9.54   ADC0832                                                               10/06/2022 13:57:50 PAGE 2   

  54   1        Clk = 0;
  55   1        DATI = 1;
  56   1        for( i = 0;i < 8;i++ )      //读取前8位的值
  57   1        {
  58   2          _nop_();
  59   2          adval <<= 1;
  60   2          Clk = 1;
  61   2          _nop_();
  62   2          Clk = 0;
  63   2          if (DATO)
  64   2          adval |= 0x01;
  65   2          else
  66   2          adval |= 0x00;
  67   2        }
  68   1        for (i = 0; i < 8; i++)      //读取后8位的值
  69   1        {
  70   2          test >>= 1;
  71   2          if (DATO)
  72   2          test |= 0x80;
  73   2          else 
  74   2          test |= 0x00;
  75   2          _nop_();
  76   2          Clk = 1;
  77   2          _nop_();
  78   2          Clk = 0;
  79   2        }
  80   1        if (adval == test)      //比较前8位与后8位的值，如果不相同舍去。若一直出现显示为零，请将该行去掉
  81   1        dat = test;
  82   1        nop_();
  83   1        CS = 1;        //释放ADC0832
  84   1        DATO = 1;
  85   1        Clk = 1;
  86   1        return dat;
  87   1      }
  88          //sbit ADC0832_DO  = P1^3;
  89          //sbit ADC0832_DI  = P1^2;
  90          //sbit ADC0832_CS  = P1^0;
  91          //sbit ADC0832_CLK = P1^1;
  92          //
  93          //uchar ADC0832(uchar chx) 
  94          //{
  95          //  
  96          //  uchar i=0,data_c=0;
  97          //  if((chx!=0)&&(chx!=1))return 0;
  98          //  ADC0832_CS=0;
  99          //  ADC0832_DO=0;//片选,DO为高阻态
 100          //  _nop_();_nop_();
 101          //  _nop_();_nop_();
 102          //  ADC0832_CLK=0;
 103          //  _nop_();_nop_();
 104          //  ADC0832_DI=1;
 105          //  ADC0832_CLK=1;
 106          //
 107          //  _nop_();_nop_(); //第一个脉冲，起始位
 108          //  ADC0832_CLK=0;
 109          //  _nop_();_nop_();
 110          //  ADC0832_DI=1;
 111          //  ADC0832_CLK=1;
 112          //  _nop_();_nop_();//第二个脉冲,DI=1表示双通道单极性输入
 113          //  ADC0832_CLK=0;
 114          //
 115          //  _nop_();_nop_();
C51 COMPILER V9.54   ADC0832                                                               10/06/2022 13:57:50 PAGE 3   

 116          //  ADC0832_DI=chx==1?1:0;
 117          //  ADC0832_CLK=1;
 118          //  _nop_();_nop_(); //第三个脉冲,DI=1表示选择通道1(CH2)
 119          //  ADC0832_CLK=0;
 120          //  ADC0832_DI=0;
 121          //  ADC0832_DO=1;    //DI转为高阻态,DO脱离高阻态为输出数据作准备
 122          //  /*使用双通道时不要加这个脉冲,否则会错一位*/
 123          //  //ADC0832_CLK=1;
 124          //  //_nop_();_nop_();
 125          //  //ADC0832_CLK=0;
 126          //  //_nop_();_nop_();
 127          //
 128          //  for (i=0; i<8; i++)
 129          //  {
 130          //    ADC0832_CLK=1;
 131          //    _nop_();_nop_();
 132          //    ADC0832_CLK=0;
 133          //    _nop_();_nop_();
 134          //    data_c=(data_c<<1)|ADC0832_DO;//在每个脉冲的下降沿DO输出一位数据,最终ch为8位二进制数
 135          //  }
 136          //
 137          //  ADC0832_CS=1;//取消片选 一个转换周期结束
 138          //  return data_c;//返回
 139          //}


MODULE INFORMATION:   STATIC OVERLAYABLE
   CODE SIZE        =    115    ----
   CONSTANT SIZE    =   ----    ----
   XDATA SIZE       =   ----    ----
   PDATA SIZE       =   ----    ----
   DATA SIZE        =      1    ----
   IDATA SIZE       =   ----    ----
   BIT SIZE         =   ----    ----
END OF MODULE INFORMATION.


C51 COMPILATION COMPLETE.  1 WARNING(S),  0 ERROR(S)
