A51 MACRO ASSEMBLER  AS                                                                   10/29/2022 12:33:18 PAGE     1


MACRO ASSEMBLER A51 V8.02c
OBJECT MODULE PLACED IN .\Objects\AS.obj
ASSEMBLER INVOKED BY: C:\Keil_v5\C51\BIN\A51.EXE AS.a51 SET(SMALL) DEBUG PRINT(.\Listings\AS.lst) OBJECT(.\Objects\AS.ob
                      j) EP

LOC  OBJ            LINE     SOURCE

0000                   1     ORG 0000H
0000 020100            2             LJMP MAIN
001B                   3             ORG 001BH
001B 020113            4                     LJMP AINT
0100                   5                     ORG 0100H
                       6                             
0100 758910            7                             MAIN:MOV TMOD,#010H
0103 758DD8            8                             MOV TH1,#0D8H
0106 758BF0            9                             MOV TL1,#0F0H
0109 D28E             10                             SETB TR1
010B D2AF             11                             SETB EA
010D D2AB             12                             SETB ET1
010F 7402             13                             MOV A,#2
0111 80FE             14                             SJMP $
                      15                             
0113 DA04             16                             AINT:DJNZ R2,NEXT
0115 B297             17                             CPL P1.7
0117 7A02             18                             MOV R2,#2
                      19                             
0119 758DD8           20                             NEXT:MOV TH1,#0D8H
011C 758BF0           21                             MOV TL1,#0F0H
011F D28E             22                             SETB TR1
0121 32               23                             RETI
                      24                             END
                                                     
                                                     
A51 MACRO ASSEMBLER  AS                                                                   10/29/2022 12:33:18 PAGE     2

SYMBOL TABLE LISTING
------ ----- -------


N A M E             T Y P E  V A L U E   ATTRIBUTES

AINT . . . . . . .  C ADDR   0113H   A   
EA . . . . . . . .  B ADDR   00A8H.7 A   
ET1. . . . . . . .  B ADDR   00A8H.3 A   
MAIN . . . . . . .  C ADDR   0100H   A   
NEXT . . . . . . .  C ADDR   0119H   A   
P1 . . . . . . . .  D ADDR   0090H   A   
TH1. . . . . . . .  D ADDR   008DH   A   
TL1. . . . . . . .  D ADDR   008BH   A   
TMOD . . . . . . .  D ADDR   0089H   A   
TR1. . . . . . . .  B ADDR   0088H.6 A   


REGISTER BANK(S) USED: 0 


ASSEMBLY COMPLETE.  0 WARNING(S), 0 ERROR(S)
