C51 COMPILER V9.54   ERTG                                                                  09/14/2022 21:02:20 PAGE 1   


C51 COMPILER V9.54, COMPILATION OF MODULE ERTG
OBJECT MODULE PLACED IN .\Objects\ertg.obj
COMPILER INVOKED BY: C:\Keil_v5\C51\BIN\C51.EXE ertg.c OPTIMIZE(8,SPEED) BROWSE DEBUG OBJECTEXTEND PRINT(.\Listings\ertg
                    -.lst) TABS(2) OBJECT(.\Objects\ertg.obj)

line level    source

   1          #include <REGX51.H>
   2          #include <intrins.h>
   3          #define uchar unsigned char
   4          #define uint unsigned int
   5          #define schar static char
   6          sbit IN1=P1^0;
   7          sbit IN2=P1^1;
   8          sbit EN1=P1^2;
   9          
  10          void delay(uint n)
  11          {
  12   1        uint i=0;
  13   1        uint j=0;
  14   1        for(i=0;i<n;i++)
  15   1        {
  16   2          for(j=0;i<120;j++);
  17   2        }
  18   1        
  19   1      }
  20          
  21          void Timer0_init()
  22          {
  23   1        TMOD=0x01;//选定定时器工作方式1
  24   1        TH0=0xd8;//定时10ms
  25   1        TL0=0xf0;
  26   1        TR0=1;
  27   1        IN2=0;
  28   1      }
  29          
  30          //void Overflow_Timer0()
  31          //{
  32          //  schar q;
  33          //    if(TF0==1)
  34          //    {
  35          //      TF0=0;
  36          //      q++;
  37          //    }
  38          //    if(q==14) 
  39          //    {
  40          //      
  41          //      q=0;
  42          //    }
  43          //    
  44          //}
  45          
  46          void ISR_init()
  47          {
  48   1        EA=1;
  49   1        EX0=0;
  50   1        ET0=1;
  51   1        EX1=0;
  52   1        ET1=0;
  53   1        ES=0;
  54   1      }
C51 COMPILER V9.54   ERTG                                                                  09/14/2022 21:02:20 PAGE 2   

  55          
  56          void ISR_TF0() interrupt 0
  57          {
  58   1        schar q;
  59   1        TH0=0xd8;
  60   1        TL0=0xf0;
  61   1        q++;
  62   1        if(q==2)
  63   1        {
  64   2          IN2=~IN2;
  65   2          q=0;
  66   2        }
  67   1      }
  68          
  69          void motor()
  70          {
  71   1        IN1=0;
  72   1        IN2=1;
  73   1        EN1=1;
  74   1      }
  75          
  76          void main()
  77          {
  78   1        Timer0_init();
  79   1        ISR_init();
  80   1        motor();
  81   1      }


MODULE INFORMATION:   STATIC OVERLAYABLE
   CODE SIZE        =    107    ----
   CONSTANT SIZE    =   ----    ----
   XDATA SIZE       =   ----    ----
   PDATA SIZE       =   ----    ----
   DATA SIZE        =      1    ----
   IDATA SIZE       =   ----    ----
   BIT SIZE         =   ----    ----
END OF MODULE INFORMATION.


C51 COMPILATION COMPLETE.  0 WARNING(S),  0 ERROR(S)
