C51 COMPILER V9.54   VDSTYRTD                                                              09/14/2022 21:36:32 PAGE 1   


C51 COMPILER V9.54, COMPILATION OF MODULE VDSTYRTD
OBJECT MODULE PLACED IN .\Objects\vdstyrtd.obj
COMPILER INVOKED BY: C:\Keil_v5\C51\BIN\C51.EXE vdstyrtd.c OPTIMIZE(8,SPEED) BROWSE DEBUG OBJECTEXTEND PRINT(.\Listings\
                    -vdstyrtd.lst) TABS(2) OBJECT(.\Objects\vdstyrtd.obj)

line level    source

   1          #include <REGX51.H>
   2          #include <INTRINS.H>
   3          #define uchar unsigned char
   4          #define schar static char
   5          #define uint unsigned int
   6          sbit IN1=P1^0;
   7          sbit IN2=P1^1;
   8          sbit EN1=P1^2;
   9          schar valueh[]={0x1b,0x0b};
  10          schar valuel[]={0x58,0xb8};
  11          void delay(uint n)
  12          {
  13   1        uchar i=0;
  14   1        uchar j=0;
  15   1        for(i=0;i<n;i++)
  16   1        {
  17   2          for(j=0;j<120;j++);
  18   2        }
  19   1      }
  20          
  21          void Timer0_init()
  22          {
  23   1        TMOD=0x01;
  24   1        TH0=(65536-8000)/256;
  25   1        TL0=(65536-8000)%256;
  26   1        TR0=1;
  27   1        IN2=0;
  28   1      }
  29          
  30          void ISR_init()
  31          {
  32   1        EA=1;
  33   1        EX0=0;
  34   1        ET0=1;
  35   1        EX1=0;
  36   1        ET1=0;
  37   1        ES=0;
  38   1      }
  39          
  40          void Timer0_Overflow()
  41          {
  42   1        uchar m;
  43   1        if(TF0==1)
  44   1        {
  45   2          TF0=0;
  46   2          m++;
  47   2          if(m==10)
  48   2          {
  49   3            IN1=~IN2;
  50   3            m=0;
  51   3          }
  52   2        }
  53   1      }
  54          
C51 COMPILER V9.54   VDSTYRTD                                                              09/14/2022 21:36:32 PAGE 2   

  55          void TF0_ISR() interrupt 0
  56          {
  57   1      //  schar q;
  58   1      //  TH0=0xd8;
  59   1      //  TL0=0xf0;
  60   1      //  q++;
  61   1        uint count=0;
  62   1        TH0=valueh[count];
  63   1        TL0=valuel[count];
  64   1        IN2=~IN2;
  65   1        count++;
  66   1        if(count==2)
  67   1        {
  68   2          count=0;
  69   2        }
  70   1        
  71   1      //  if(q==90)
  72   1      //  {
  73   1      //    IN1=~IN2;
  74   1      //    q=0;
  75   1      //  }
  76   1      }
  77          
  78          void motor()
  79          {
  80   1        IN1=1;
  81   1        IN2=0;
  82   1        EN1=1;
  83   1      }
  84          
  85          void main()
  86          {
  87   1        while(1)
  88   1        {
  89   2          Timer0_init();
  90   2          ISR_init();
  91   2          motor();
  92   2        }
  93   1        
  94   1      }


MODULE INFORMATION:   STATIC OVERLAYABLE
   CODE SIZE        =    142    ----
   CONSTANT SIZE    =   ----    ----
   XDATA SIZE       =   ----    ----
   PDATA SIZE       =   ----    ----
   DATA SIZE        =      4       1
   IDATA SIZE       =   ----    ----
   BIT SIZE         =   ----    ----
END OF MODULE INFORMATION.


C51 COMPILATION COMPLETE.  0 WARNING(S),  0 ERROR(S)
