C51 COMPILER V9.54   DSAF                                                                  10/06/2022 22:15:15 PAGE 1   


C51 COMPILER V9.54, COMPILATION OF MODULE DSAF
OBJECT MODULE PLACED IN .\Objects\DSAF.obj
COMPILER INVOKED BY: C:\Keil_v5\C51\BIN\C51.EXE DSAF.c OPTIMIZE(8,SPEED) BROWSE DEBUG OBJECTEXTEND PRINT(.\Listings\DSAF
                    -.lst) TABS(2) OBJECT(.\Objects\DSAF.obj)

line level    source

   1          #include <REGX51.H>
   2          #include <INTRINS.H>
   3          #define uchar unsigned char
   4          #define uint unsigned int
   5          uchar t[]={"0123456789"};
   6            uint sec=0;
   7          uchar q=0;
   8            uint min=0;
   9            uint hour=0;
  10          /**************************
  11          定义特殊寄存器的位变量
  12          ***************************/
  13          sbit RS=P1^0;
  14          sbit RW=P1^1;
  15          sbit EN=P1^2;
  16          /**************************
  17          毫秒级延时函数
  18          ***************************/
  19          void delay(uchar n)
  20          {
  21   1        uchar i=0;
  22   1        uchar j=0;
  23   1        for(i=0;i<n;i++)
  24   1        {
  25   2          for(j=0;j<120;j++);
  26   2        }
  27   1      }
  28          /**************************
  29          写指令cmd
  30          ***************************/
  31          void LCDWritecmd(uchar cmd)
  32          {
  33   1        RS=0;
  34   1        RW=0;
  35   1        P0=cmd;
  36   1        EN=1;
  37   1        delay(2);
  38   1        EN=0;
  39   1        delay(2);
  40   1      }
  41          /**************************
  42          写数据dat
  43          ***************************/
  44          void LCDWritedata(uchar dat)
  45          {
  46   1        RS=1;
  47   1        RW=0;
  48   1        P0=dat;
  49   1        EN=1;
  50   1        delay(2);
  51   1        EN=0;
  52   1        delay(2);
  53   1      }
  54          /**************************
C51 COMPILER V9.54   DSAF                                                                  10/06/2022 22:15:15 PAGE 2   

  55          光标定位
  56          ***************************/
  57          void LCDGotoXY(uchar line,uchar column)
  58          {
  59   1        if(line==0)
  60   1        {
  61   2          LCDWritecmd(0x80+column);
  62   2        }
  63   1        if(line==1)
  64   1        {
  65   2          LCDWritecmd(0x80+0x40+column);
  66   2        }
  67   1      }
  68          /**************************
  69          输出字符串
  70          ***************************/
  71          void LCDPrintstr(uchar *str)
  72          {
  73   1        while(*str!='\0')
  74   1          LCDWritedata(*str++);
  75   1      }
  76          /**************************
  77          1602初始化
  78          ***************************/
  79          void LCD1602_init()
  80          {
  81   1        LCDWritecmd(0x38);
  82   1        LCDWritecmd(0x0c);
  83   1        LCDWritecmd(0x06);
  84   1        LCDWritecmd(0x01);
  85   1      }
  86          /**************************
  87          开启1602显示
  88          ***************************/
  89          void LCDON()
  90          {
  91   1        LCDWritecmd(0x0c);
  92   1      }
  93          /**************************
  94          关闭1602显示
  95          ***************************/
  96          void LCDOFF()
  97          {
  98   1        LCDWritecmd(0x08);
  99   1      }
 100          /**************************
 101          初始化1602显示内容
 102          ***************************/
 103          void LCDShowInit()
 104          {
 105   1        uchar temp0,temp1,temp2,temp3,temp4,temp5,temp6,temp7,temp8=0;
 106   1        temp0=hour/10;
 107   1        temp1=hour%10;
 108   1        
 109   1        temp2=min/10;
 110   1        temp3=min%10;
 111   1        
 112   1        temp4=sec/10;
 113   1        temp5=sec%10;
 114   1      
 115   1        
 116   1        LCDGotoXY(0,0);
C51 COMPILER V9.54   DSAF                                                                  10/06/2022 22:15:15 PAGE 3   

 117   1        LCDWritedata(t[temp0]);
 118   1        delay(5);
 119   1        LCDWritedata(t[temp1]);
 120   1        delay(5);
 121   1        LCDWritedata(';');
 122   1        
 123   1        LCDWritedata(t[temp2]);
 124   1        delay(5);
 125   1        LCDWritedata(t[temp3]);
 126   1        delay(5);
 127   1        LCDWritedata(';');
 128   1       
 129   1        LCDWritedata(t[temp4]);
 130   1        delay(5);
 131   1        LCDWritedata(t[temp5]);
 132   1        delay(5);
 133   1      
 134   1        LCDGotoXY(1,0);
 135   1        LCDPrintstr("qqq");
 136   1      }
*** WARNING C280 IN LINE 105 OF DSAF.c: 'temp6': unreferenced local variable
*** WARNING C280 IN LINE 105 OF DSAF.c: 'temp7': unreferenced local variable
 137          
 138          
 139          
 140          void Timer0_Init()
 141          {
 142   1        TMOD=0x01;
 143   1        TH0=(65536-50000)/256;
 144   1        TL0=(65536-50000)%256;
 145   1        TR0=1;
 146   1      }
 147          
 148          void ISR_init()
 149          {
 150   1        EA=1;
 151   1        ET0=1;
 152   1        EX0=0;
 153   1        ET1=0;
 154   1        EX1=0;
 155   1        ES=0;
 156   1      }
 157          
 158          void Service_Timer0() interrupt 1
 159          {
 160   1        
 161   1      
 162   1        TH0=(65536-50000)/256;
 163   1        TL0=(65536-50000)%256;
 164   1        q++;
 165   1        if(q==20)
 166   1        {
 167   2          sec=sec+1;
 168   2          q=0;
 169   2        }
 170   1        if(sec==60)
 171   1        {
 172   2          min=min+1;
 173   2          sec=0;
 174   2        }
 175   1        if(min==60)
 176   1        {
C51 COMPILER V9.54   DSAF                                                                  10/06/2022 22:15:15 PAGE 4   

 177   2          hour=hour+1;
 178   2          min=0;
 179   2        
 180   2        }
 181   1        if(hour==24)
 182   1        {
 183   2          hour=0;
 184   2        
 185   2        }
 186   1      }
 187          
 188          
 189          /**************************
 190          
 191          ***************************/
 192          void main()
 193          {
 194   1        LCD1602_init();
 195   1        Timer0_Init();
 196   1        ISR_init();
 197   1        while(1)
 198   1        {
 199   2          LCDShowInit();
 200   2        }
 201   1      }
 202          
 203          
 204          
 205          
 206          
 207          
 208          
 209          
 210          
 211          
 212          
 213          
 214          
 215          
 216          
 217          
 218          


MODULE INFORMATION:   STATIC OVERLAYABLE
   CODE SIZE        =    434    ----
   CONSTANT SIZE    =      4    ----
   XDATA SIZE       =   ----    ----
   PDATA SIZE       =   ----    ----
   DATA SIZE        =     18      11
   IDATA SIZE       =   ----    ----
   BIT SIZE         =   ----    ----
END OF MODULE INFORMATION.


C51 COMPILATION COMPLETE.  2 WARNING(S),  0 ERROR(S)
