C51 COMPILER V9.54   DS1302                                                                10/07/2022 17:42:17 PAGE 1   


C51 COMPILER V9.54, COMPILATION OF MODULE DS1302
OBJECT MODULE PLACED IN .\Objects\DS1302.obj
COMPILER INVOKED BY: C:\Keil_v5\C51\BIN\C51.EXE DS1302.c OPTIMIZE(8,SPEED) BROWSE DEBUG OBJECTEXTEND PRINT(.\Listings\DS
                    -1302.lst) TABS(2) OBJECT(.\Objects\DS1302.obj)

line level    source

   1          #include "ds1302.h"
   2          
   3          unsigned char time[8] = {0x00,0x45,0x19,0x18,0x10,0x01,0x21,0x20};//秒分时 日月周 年
   4          
   5          /*DS1302单字节读数据函数*/
   6          unsigned char ds1302_readByte(unsigned char dat)
   7          {
   8   1        unsigned char i = 0;
   9   1        for(i=0;i<8;i++)  
  10   1        {
  11   2          dat = dat >> 1;  //左移一次 低位开始 共有效左移7次
  12   2          if(DAT == 1)    
*** ERROR C202 IN LINE 12 OF DS1302.c: 'DAT': undefined identifier
  13   2            dat = dat | 0x80;  //高位置1
  14   2          else
  15   2            dat = dat & 0x7F;  //高位置0  
  16   2          CLK = 1; //时钟拉高表示这位已经结束
*** ERROR C202 IN LINE 16 OF DS1302.c: 'CLK': undefined identifier
  17   2          CLK = 0; //时钟拉低开始接收新的数据位
*** ERROR C202 IN LINE 17 OF DS1302.c: 'CLK': undefined identifier
  18   2        } 
  19   1        return dat;
  20   1      
  21   1      }
  22          
  23          /*DS1302单字节写地址或者数据函数*/
  24          void ds1302_writeByte(unsigned char addrOrData)
  25          {
  26   1        unsigned char i = 0;
  27   1        for(i=0;i<8;i++)   
  28   1        {
  29   2          DAT = addrOrData & 0x01;  //开始传输低位 
*** ERROR C202 IN LINE 29 OF DS1302.c: 'DAT': undefined identifier
  30   2          addrOrData = addrOrData >> 1;//右移一位
  31   2          CLK = 1;           //拉高时钟表示已经发送
*** ERROR C202 IN LINE 31 OF DS1302.c: 'CLK': undefined identifier
  32   2          CLK = 0;           //拉低时钟准备继续放新的数据位
*** ERROR C202 IN LINE 32 OF DS1302.c: 'CLK': undefined identifier
  33   2        }
  34   1                
  35   1      }
  36          
  37          /*DS1302时钟模块写命令函数*/
  38          void ds1302_writeCom(unsigned char addr,unsigned char dat)
  39          {
  40   1        RST = 0; //拉低RST
*** ERROR C202 IN LINE 40 OF DS1302.c: 'RST': undefined identifier
  41   1        CLK = 0; //拉低时钟
*** ERROR C202 IN LINE 41 OF DS1302.c: 'CLK': undefined identifier
  42   1        RST = 1; //使能打开
*** ERROR C202 IN LINE 42 OF DS1302.c: 'RST': undefined identifier
  43   1        ds1302_writeByte(addr);  //写入要写的地址
  44   1        ds1302_writeByte(dat);   //写入地址的数据
  45   1        RST = 0; //关闭 表示结束
C51 COMPILER V9.54   DS1302                                                                10/07/2022 17:42:17 PAGE 2   

*** ERROR C202 IN LINE 45 OF DS1302.c: 'RST': undefined identifier
  46   1      }
  47          
  48          /*DS1302时钟模块读数据函数*/
  49          unsigned char ds1302_readData(unsigned char addr)
  50          {
  51   1        unsigned char dat = 0;
  52   1        RST = 0; //拉低RST
*** ERROR C202 IN LINE 52 OF DS1302.c: 'RST': undefined identifier
  53   1        CLK = 0; //拉低时钟
*** ERROR C202 IN LINE 53 OF DS1302.c: 'CLK': undefined identifier
  54   1        RST = 1; //打开使能
*** ERROR C202 IN LINE 54 OF DS1302.c: 'RST': undefined identifier
  55   1        ds1302_writeByte(addr);   //写入要读的地址
  56   1        dat = ds1302_readByte(dat); //读取地址的数据
  57   1        RST = 0; //关闭 表示结束
*** ERROR C202 IN LINE 57 OF DS1302.c: 'RST': undefined identifier
  58   1        
  59   1        return dat; //返回读取到的数据
  60   1      }
  61          
  62          /*DS1302时钟模块读取日期和时间函数*/
  63          void ds1302_read_DateAndTime()
  64          {
  65   1        time[0] = ds1302_readData(DS1302_READ_YEAR);  //读取年
*** ERROR C202 IN LINE 65 OF DS1302.c: 'DS1302_READ_YEAR': undefined identifier
  66   1        time[1] = ds1302_readData(DS1302_READ_MONTH); //读取月
*** ERROR C202 IN LINE 66 OF DS1302.c: 'DS1302_READ_MONTH': undefined identifier
  67   1        time[2] = ds1302_readData(DS1302_READ_DAY);   //读取日
*** ERROR C202 IN LINE 67 OF DS1302.c: 'DS1302_READ_DAY': undefined identifier
  68   1        time[3] = ds1302_readData(DS1302_READ_HOUR);  //读取时
*** ERROR C202 IN LINE 68 OF DS1302.c: 'DS1302_READ_HOUR': undefined identifier
  69   1        time[4] = ds1302_readData(DS1302_READ_MINUTE);//读取分
*** ERROR C202 IN LINE 69 OF DS1302.c: 'DS1302_READ_MINUTE': undefined identifier
  70   1        time[5] = ds1302_readData(DS1302_READ_SECOND);//读取秒
*** ERROR C202 IN LINE 70 OF DS1302.c: 'DS1302_READ_SECOND': undefined identifier
  71   1        time[6] = ds1302_readData(DS1302_READ_WEEK);  //读取周    
*** ERROR C202 IN LINE 71 OF DS1302.c: 'DS1302_READ_WEEK': undefined identifier
  72   1      }
  73          
  74          /*DS1302时钟模块初始化函数*/
  75          void ds1302_init()
  76          {
  77   1        RST = 0; //关闭RST
*** ERROR C202 IN LINE 77 OF DS1302.c: 'RST': undefined identifier
  78   1        CLK = 0; //拉低时钟
*** ERROR C202 IN LINE 78 OF DS1302.c: 'CLK': undefined identifier
  79   1        ds1302_writeCom(DS1302_WRITE_PROTECT,0x00); //关闭写保护 这样才能进行写操作
*** ERROR C202 IN LINE 79 OF DS1302.c: 'DS1302_WRITE_PROTECT': undefined identifier
  80   1        ds1302_burst_write(DS1302_WRITE_TIME);  //初始化全部时间
*** ERROR C202 IN LINE 80 OF DS1302.c: 'DS1302_WRITE_TIME': undefined identifier
  81   1        //ds1302_initTime(); //初始时间：2021年10月18日 19点45分00秒 周一 
  82   1        ds1302_writeCom(DS1302_WRITE_PROTECT,0x80); //开启写保护 只读模式
*** ERROR C202 IN LINE 82 OF DS1302.c: 'DS1302_WRITE_PROTECT': undefined identifier
  83   1          
  84   1      }
  85          

C51 COMPILATION COMPLETE.  0 WARNING(S),  26 ERROR(S)
