C51 COMPILER V9.54   ASDF                                                                  09/11/2022 22:11:15 PAGE 1   


C51 COMPILER V9.54, COMPILATION OF MODULE ASDF
OBJECT MODULE PLACED IN .\Objects\ASDF.obj
COMPILER INVOKED BY: C:\Keil_v5\C51\BIN\C51.EXE ASDF.c OPTIMIZE(8,SPEED) BROWSE DEBUG OBJECTEXTEND PRINT(.\Listings\ASDF
                    -.lst) TABS(2) OBJECT(.\Objects\ASDF.obj)

line level    source

   1          #include <REGX51.H>
   2          #include <intrins.h>
   3          #define uchar unsigned char
   4          sfr AE=0x90;
   5          sfr AR=0xA0;
   6          uchar display[]={0xC0,0xF9,0xA4,0xB0,0x99,0x92,0x82,0xF8,0x80,0x90,0x88,0x83,0xC6,0xA1,0x86,0x8E};
   7          uchar wei[]={0xFE,0xFD,0xFB,0xF7,0xEF,0xDF,0xBF,0x7F,0x7F,0x7F};
   8          
   9          void delay()    //@12.000MHz
  10          {
  11   1        uchar i, j, k;
  12   1      
  13   1        _nop_();
  14   1        _nop_();
  15   1        i = 5;
  16   1        j = 144;
  17   1        k = 71;
  18   1        do
  19   1        {
  20   2          do
  21   2          {
  22   3            while (--k);
  23   3          } while (--j);
  24   2        } while (--i);
  25   1      }
  26          
  27          void _ADC()
  28          {
  29   1        uchar i=0;
  30   1        for(i=0;i<8;i++)
  31   1        {
  32   2          AE=display[i];
  33   2          AR=~wei[i];
  34   2          delay();
  35   2        }
  36   1      }
  37          
  38          void Timer_0()
  39          {
  40   1        uchar q;
  41   1        TMOD=0x00;
  42   1        TH0=0xb1;
  43   1        TL0=0xe0;
  44   1        TR0=1;
  45   1        while(1)
  46   1        {
  47   2         if(TF0==1)
  48   2         {
  49   3          TR0=1;
  50   3          TH0=0xb1;
  51   3          TL0=0xe0;
  52   3           q++;
  53   3         }
  54   2         if(q==50)
C51 COMPILER V9.54   ASDF                                                                  09/11/2022 22:11:15 PAGE 2   

  55   2        {
  56   3          q=0;
  57   3          _ADC();
  58   3        }
  59   2        
  60   2        }
  61   1      }
  62          
  63          void main()
  64          {
  65   1        Timer_0();
  66   1      }


MODULE INFORMATION:   STATIC OVERLAYABLE
   CODE SIZE        =     80    ----
   CONSTANT SIZE    =   ----    ----
   XDATA SIZE       =   ----    ----
   PDATA SIZE       =   ----    ----
   DATA SIZE        =     26       1
   IDATA SIZE       =   ----    ----
   BIT SIZE         =   ----    ----
END OF MODULE INFORMATION.


C51 COMPILATION COMPLETE.  0 WARNING(S),  0 ERROR(S)
